<?xml version="1.0" encoding="UTF-8"?>
<!-- Generated by org.testng.reporters.JUnitReportReporter -->
<testsuite hostname="LTIN305602" failures="0" tests="2" name="testngsamples.Allannotations" time="0.007" errors="0" timestamp="2024-07-16T20:11:38 IST" skipped="0">
  <testcase classname="testngsamples.Allannotations" name="test1" time="0.006"/>
  <system-out/>
  <testcase classname="testngsamples.Allannotations" name="test2" time="0.001"/>
  <system-out/>
</testsuite> <!-- testngsamples.Allannotations -->
