<?xml version="1.0" encoding="UTF-8"?>
<!-- Generated by org.testng.reporters.JUnitReportReporter -->
<testsuite hostname="LTIN305602" failures="0" tests="3" name="testngsamples.LoginTest" time="0.013" errors="0" timestamp="2024-07-17T20:37:47 IST" skipped="0">
  <testcase classname="testngsamples.LoginTest" name="loginByEmail" time="0.010"/>
  <system-out/>
  <testcase classname="testngsamples.LoginTest" name="loginByFb" time="0.002"/>
  <system-out/>
  <testcase classname="testngsamples.LoginTest" name="loginByTwitter" time="0.001"/>
  <system-out/>
</testsuite> <!-- testngsamples.LoginTest -->
