<?xml version="1.0" encoding="UTF-8"?>
<!-- Generated by org.testng.reporters.JUnitReportReporter -->
<testsuite hostname="LTIN305602" failures="0" tests="4" name="learn.OrangehrmTestng" time="33.012" errors="0" timestamp="2024-07-16T16:16:26 IST" skipped="0">
  <testcase classname="learn.OrangehrmTestng" name="openapp" time="22.534"/>
  <system-out/>
  <testcase classname="learn.OrangehrmTestng" name="testlogo" time="3.051"/>
  <system-out/>
  <testcase classname="learn.OrangehrmTestng" name="login" time="5.061"/>
  <system-out/>
  <testcase classname="learn.OrangehrmTestng" name="logout" time="2.366"/>
  <system-out/>
</testsuite> <!-- learn.OrangehrmTestng -->
