<?xml version="1.0" encoding="UTF-8"?>
<!-- Generated by org.testng.reporters.JUnitReportReporter -->
<testsuite hostname="LTIN305602" failures="0" tests="6" name="testngsamples.ParallelTesting" time="0.106" errors="0" timestamp="2024-07-18T16:04:44 IST" skipped="0">
  <testcase classname="testngsamples.ParallelTesting" name="testlogo" time="0.041"/>
  <system-out/>
  <testcase classname="testngsamples.ParallelTesting" name="testlogo" time="0.031"/>
  <system-out/>
  <testcase classname="testngsamples.ParallelTesting" name="testtitle" time="0.010"/>
  <system-out/>
  <testcase classname="testngsamples.ParallelTesting" name="testtitle" time="0.008"/>
  <system-out/>
  <testcase classname="testngsamples.ParallelTesting" name="testurl" time="0.008"/>
  <system-out/>
  <testcase classname="testngsamples.ParallelTesting" name="testurl" time="0.008"/>
  <system-out/>
</testsuite> <!-- testngsamples.ParallelTesting -->
