<?xml version="1.0" encoding="UTF-8"?>
<!-- Generated by org.testng.reporters.JUnitReportReporter -->
<testsuite hostname="LTIN305602" failures="0" tests="1" name="pageobjectmodel.LoginTest" time="1.681" errors="0" timestamp="2024-07-19T17:04:11 IST" skipped="0">
  <testcase classname="pageobjectmodel.LoginTest" name="testlogin" time="1.681"/>
  <system-out/>
</testsuite> <!-- pageobjectmodel.LoginTest -->
